Using pre-set license
Built from '2022.3/staging' branch; Version is '2022.3.14f1 (eff2de9070d8) revision 15725278'; Using compiler version '192829333'; Build Type 'Release'
OS: 'Windows 10  (10.0.19045) 64bit Professional' Language: 'ru' Physical Memory: 16084 MB
BatchMode: 1, IsHumanControllingUs: 0, StartBugReporterOnCrash: 0, Is64bit: 1, IsPro: 1

COMMAND LINE ARGUMENTS:
C:\Program Files\Unity\Hub\Editor\2022.3.14f1\Editor\Unity.exe
-adb2
-batchMode
-noUpm
-name
AssetImportWorker0
-projectPath
C:/Users/KatyaPark11/Desktop/Моё/Программы/Программы/Unity/Lab_5
-logFile
Logs/AssetImportWorker0.log
-srvPort
57654
Successfully changed project path to: C:/Users/KatyaPark11/Desktop/Моё/Программы/Программы/Unity/Lab_5
C:/Users/KatyaPark11/Desktop/Моё/Программы/Программы/Unity/Lab_5
[UnityMemory] Configuration Parameters - Can be set up in boot.config
    "memorysetup-bucket-allocator-granularity=16"
    "memorysetup-bucket-allocator-bucket-count=8"
    "memorysetup-bucket-allocator-block-size=33554432"
    "memorysetup-bucket-allocator-block-count=8"
    "memorysetup-main-allocator-block-size=16777216"
    "memorysetup-thread-allocator-block-size=16777216"
    "memorysetup-gfx-main-allocator-block-size=16777216"
    "memorysetup-gfx-thread-allocator-block-size=16777216"
    "memorysetup-cache-allocator-block-size=4194304"
    "memorysetup-typetree-allocator-block-size=2097152"
    "memorysetup-profiler-bucket-allocator-granularity=16"
    "memorysetup-profiler-bucket-allocator-bucket-count=8"
    "memorysetup-profiler-bucket-allocator-block-size=33554432"
    "memorysetup-profiler-bucket-allocator-block-count=8"
    "memorysetup-profiler-allocator-block-size=16777216"
    "memorysetup-profiler-editor-allocator-block-size=1048576"
    "memorysetup-temp-allocator-size-main=16777216"
    "memorysetup-job-temp-allocator-block-size=2097152"
    "memorysetup-job-temp-allocator-block-size-background=1048576"
    "memorysetup-job-temp-allocator-reduction-small-platforms=262144"
    "memorysetup-allocator-temp-initial-block-size-main=262144"
    "memorysetup-allocator-temp-initial-block-size-worker=262144"
    "memorysetup-temp-allocator-size-background-worker=32768"
    "memorysetup-temp-allocator-size-job-worker=262144"
    "memorysetup-temp-allocator-size-preload-manager=33554432"
    "memorysetup-temp-allocator-size-nav-mesh-worker=65536"
    "memorysetup-temp-allocator-size-audio-worker=65536"
    "memorysetup-temp-allocator-size-cloud-worker=32768"
    "memorysetup-temp-allocator-size-gi-baking-worker=262144"
    "memorysetup-temp-allocator-size-gfx=262144"
Player connection [18304] Host "[IP] 25.66.247.134 [Port] 0 [Flags] 2 [Guid] 4262551067 [EditorId] 4262551067 [Version] 1048832 [Id] WindowsEditor(7,WIN-LON9IPANIIP) [Debug] 1 [PackageName] WindowsEditor [ProjectName] Editor" joined multi-casting on [225.0.0.222:54997]...

Player connection [18304] Host "[IP] 25.66.247.134 [Port] 0 [Flags] 2 [Guid] 4262551067 [EditorId] 4262551067 [Version] 1048832 [Id] WindowsEditor(7,WIN-LON9IPANIIP) [Debug] 1 [PackageName] WindowsEditor [ProjectName] Editor" joined alternative multi-casting on [225.0.0.222:34997]...

[Physics::Module] Initialized MultithreadedJobDispatcher with 15 workers.
Refreshing native plugins compatible for Editor in 9.68 ms, found 3 plugins.
Preloading 0 native plugins for Editor in 0.00 ms.
Initialize engine version: 2022.3.14f1 (eff2de9070d8)
[Subsystems] Discovering subsystems at path C:/Program Files/Unity/Hub/Editor/2022.3.14f1/Editor/Data/Resources/UnitySubsystems
[Subsystems] Discovering subsystems at path C:/Users/KatyaPark11/Desktop/Моё/Программы/Программы/Unity/Lab_5/Assets
GfxDevice: creating device client; threaded=0; jobified=0
Direct3D:
    Version:  Direct3D 11.0 [level 11.1]
    Renderer: NVIDIA GeForce RTX 3050 Laptop GPU (ID=0x25a2)
    Vendor:   NVIDIA
    VRAM:     3980 MB
    Driver:   31.0.15.4617
Initialize mono
Mono path[0] = 'C:/Program Files/Unity/Hub/Editor/2022.3.14f1/Editor/Data/Managed'
Mono path[1] = 'C:/Program Files/Unity/Hub/Editor/2022.3.14f1/Editor/Data/MonoBleedingEdge/lib/mono/unityjit-win32'
Mono config path = 'C:/Program Files/Unity/Hub/Editor/2022.3.14f1/Editor/Data/MonoBleedingEdge/etc'
Using monoOptions --debugger-agent=transport=dt_socket,embedding=1,server=y,suspend=n,address=127.0.0.1:56100
Begin MonoManager ReloadAssembly
Registering precompiled unity dll's ...
Register platform support module: C:/Program Files/Unity/Hub/Editor/2022.3.14f1/Editor/Data/PlaybackEngines/WebGLSupport/UnityEditor.WebGL.Extensions.dll
Register platform support module: C:/Program Files/Unity/Hub/Editor/2022.3.14f1/Editor/Data/PlaybackEngines/WindowsStandaloneSupport/UnityEditor.WindowsStandalone.Extensions.dll
Registered in 0.016753 seconds.
- Loaded All Assemblies, in  0.479 seconds
Native extension for WindowsStandalone target not found
Native extension for WebGL target not found
Mono: successfully reloaded assembly
- Finished resetting the current domain, in  0.351 seconds
Domain Reload Profiling: 827ms
	BeginReloadAssembly (149ms)
		ExecutionOrderSort (0ms)
		DisableScriptedObjects (0ms)
		BackupInstance (0ms)
		ReleaseScriptingObjects (0ms)
		CreateAndSetChildDomain (1ms)
	RebuildCommonClasses (41ms)
	RebuildNativeTypeToScriptingClass (14ms)
	initialDomainReloadingComplete (106ms)
	LoadAllAssembliesAndSetupDomain (165ms)
		LoadAssemblies (146ms)
		RebuildTransferFunctionScriptingTraits (0ms)
		AnalyzeDomain (162ms)
			TypeCache.Refresh (160ms)
				TypeCache.ScanAssembly (146ms)
			ScanForSourceGeneratedMonoScriptInfo (0ms)
			ResolveRequiredComponents (1ms)
	FinalizeReload (351ms)
		ReleaseScriptCaches (0ms)
		RebuildScriptCaches (0ms)
		SetupLoadedEditorAssemblies (270ms)
			LogAssemblyErrors (0ms)
			InitializePlatformSupportModulesInManaged (17ms)
			SetLoadedEditorAssemblies (8ms)
			RefreshPlugins (0ms)
			BeforeProcessingInitializeOnLoad (3ms)
			ProcessInitializeOnLoadAttributes (182ms)
			ProcessInitializeOnLoadMethodAttributes (59ms)
			AfterProcessingInitializeOnLoad (0ms)
			EditorAssembliesLoaded (0ms)
		ExecutionOrderSort2 (0ms)
		AwakeInstancesAfterBackupRestoration (0ms)
========================================================================
Worker process is ready to serve import requests
Begin MonoManager ReloadAssembly
- Loaded All Assemblies, in  0.950 seconds
Refreshing native plugins compatible for Editor in 5.92 ms, found 3 plugins.
Native extension for WindowsStandalone target not found
Native extension for WebGL target not found
Package Manager log level set to [2]
[Package Manager] Server::EnsureServerProcessIsRunning -- launch failed, reason: Unity was launched with the -noUpm command-line argument
[Package Manager] UpmClient::Send -- Unable to send message (not connected to UPM process).
[Package Manager] Cannot connect to Unity Package Manager local server
Mono: successfully reloaded assembly
- Finished resetting the current domain, in  0.964 seconds
Domain Reload Profiling: 1909ms
	BeginReloadAssembly (192ms)
		ExecutionOrderSort (0ms)
		DisableScriptedObjects (8ms)
		BackupInstance (0ms)
		ReleaseScriptingObjects (0ms)
		CreateAndSetChildDomain (22ms)
	RebuildCommonClasses (44ms)
	RebuildNativeTypeToScriptingClass (15ms)
	initialDomainReloadingComplete (68ms)
	LoadAllAssembliesAndSetupDomain (626ms)
		LoadAssemblies (456ms)
		RebuildTransferFunctionScriptingTraits (0ms)
		AnalyzeDomain (284ms)
			TypeCache.Refresh (251ms)
				TypeCache.ScanAssembly (230ms)
			ScanForSourceGeneratedMonoScriptInfo (22ms)
			ResolveRequiredComponents (8ms)
	FinalizeReload (965ms)
		ReleaseScriptCaches (0ms)
		RebuildScriptCaches (0ms)
		SetupLoadedEditorAssemblies (710ms)
			LogAssemblyErrors (0ms)
			InitializePlatformSupportModulesInManaged (18ms)
			SetLoadedEditorAssemblies (7ms)
			RefreshPlugins (0ms)
			BeforeProcessingInitializeOnLoad (164ms)
			ProcessInitializeOnLoadAttributes (474ms)
			ProcessInitializeOnLoadMethodAttributes (30ms)
			AfterProcessingInitializeOnLoad (15ms)
			EditorAssembliesLoaded (0ms)
		ExecutionOrderSort2 (0ms)
		AwakeInstancesAfterBackupRestoration (10ms)
Launched and connected shader compiler UnityShaderCompiler.exe after 0.05 seconds
Refreshing native plugins compatible for Editor in 2.57 ms, found 3 plugins.
Preloading 0 native plugins for Editor in 0.00 ms.
Unloading 3167 Unused Serialized files (Serialized files now loaded: 0)
Unloading 32 unused Assets / (56.9 KB). Loaded Objects now: 3631.
Memory consumption went from 128.0 MB to 128.0 MB.
Total: 2.063900 ms (FindLiveObjects: 0.166000 ms CreateObjectMapping: 0.064300 ms MarkObjects: 1.750700 ms  DeleteObjects: 0.082300 ms)

AssetImportParameters requested are different than current active one (requested -> active):
  custom:container-demuxer-ogg: 62fdf1f143b41e24485cea50d1cbac27 -> 
  custom:video-decoder-ogg-theora: a1e56fd34408186e4bbccfd4996cb3dc -> 
  custom:framework-win-MediaFoundation: 216162199b28c13a410421893ffa2e32 -> 
  custom:CustomObjectIndexerAttribute: 756ad292c208cfabdd7b50bc23989ffe -> 
  custom:container-demuxer-webm: 4f35f7cbe854078d1ac9338744f61a02 -> 
  custom:container-muxer-webm: aa71ff27fc2769a1b78a27578f13a17b -> 
  custom:video-decoder-webm-vp8: 9c59270c3fd7afecdb556c50c9e8de78 -> 
  custom:SearchIndexIgnoredProperties: e643bd26f0fe6173181afceb89e7c659 -> 
  custom:AudioImporter_EditorPlatform: d09bf68614088b80899f8185d706f6e7 -> 
  custom:video-encoder-webm-vp8: eb34c28f22e8b96e1ab97ce403110664 -> 
  custom:audio-decoder-ogg-vorbis: bf7c407c2cedff20999df2af8eb42d56 -> 
  custom:audio-encoder-webm-vorbis: bf7c407c2cedff20999df2af8eb42d56 -> 
========================================================================
Received Import Request.
  Time since last request: 97552.064571 seconds.
  path: Assets/Scripts/GraphTraversal/TraversalStep.cs
  artifactKey: Guid(91bfe21895c5312479c8e74a9fb8669c) Importer(815301076,1909f56bfc062723c751e8b465ee728b)
Start importing Assets/Scripts/GraphTraversal/TraversalStep.cs using Guid(91bfe21895c5312479c8e74a9fb8669c) Importer(815301076,1909f56bfc062723c751e8b465ee728b)  -> (artifact id: '9988a478c02ceaaf5e6fb90d0a62b4cc') in 0.002782 seconds
Number of updated asset objects reloaded before import = 0
Number of asset objects unloaded after import = 0
========================================================================
Received Import Request.
  Time since last request: 0.332565 seconds.
  path: Assets/Scripts/GraphTraversal/TraversalStepsGetting.cs
  artifactKey: Guid(f6fd2fd44a4d60e4dbe92dd4280710be) Importer(815301076,1909f56bfc062723c751e8b465ee728b)
Start importing Assets/Scripts/GraphTraversal/TraversalStepsGetting.cs using Guid(f6fd2fd44a4d60e4dbe92dd4280710be) Importer(815301076,1909f56bfc062723c751e8b465ee728b)  -> (artifact id: 'add37c98d3496d29ab2f218c32709a78') in 0.000927 seconds
Number of updated asset objects reloaded before import = 0
Number of asset objects unloaded after import = 0
========================================================================
Received Import Request.
  Time since last request: 26.730189 seconds.
  path: Assets/Scripts/SceneChangers/Exit.cs
  artifactKey: Guid(c3a749aa3c39b304ba90941a3a032253) Importer(815301076,1909f56bfc062723c751e8b465ee728b)
Start importing Assets/Scripts/SceneChangers/Exit.cs using Guid(c3a749aa3c39b304ba90941a3a032253) Importer(815301076,1909f56bfc062723c751e8b465ee728b)  -> (artifact id: 'cc1d04dc7b6fefb9870817b065bfbb8a') in 0.000923 seconds
Number of updated asset objects reloaded before import = 0
Number of asset objects unloaded after import = 0
========================================================================
Received Import Request.
  Time since last request: 0.683238 seconds.
  path: Assets/Scripts/SceneChangers/BackSceneJump.cs
  artifactKey: Guid(aea753cff644acd47953abe0d74fa158) Importer(815301076,1909f56bfc062723c751e8b465ee728b)
Start importing Assets/Scripts/SceneChangers/BackSceneJump.cs using Guid(aea753cff644acd47953abe0d74fa158) Importer(815301076,1909f56bfc062723c751e8b465ee728b)  -> (artifact id: 'af4ff257e7e53310cedaaf5e5c880237') in 0.000657 seconds
Number of updated asset objects reloaded before import = 0
Number of asset objects unloaded after import = 0
========================================================================
Received Import Request.
  Time since last request: 0.433591 seconds.
  path: Assets/Scripts/SceneChangers/NextSceneJump.cs
  artifactKey: Guid(e82097942bfac7e43bc5afb6d2f98075) Importer(815301076,1909f56bfc062723c751e8b465ee728b)
Start importing Assets/Scripts/SceneChangers/NextSceneJump.cs using Guid(e82097942bfac7e43bc5afb6d2f98075) Importer(815301076,1909f56bfc062723c751e8b465ee728b)  -> (artifact id: 'c8e3db1dd28455e68087480a67e2336c') in 0.000859 seconds
Number of updated asset objects reloaded before import = 0
Number of asset objects unloaded after import = 0
========================================================================
Received Import Request.
  Time since last request: 0.440411 seconds.
  path: Assets/Scripts/SceneChangers/SceneChanger.cs
  artifactKey: Guid(441a9474950eea74380b30922c4708ce) Importer(815301076,1909f56bfc062723c751e8b465ee728b)
Start importing Assets/Scripts/SceneChangers/SceneChanger.cs using Guid(441a9474950eea74380b30922c4708ce) Importer(815301076,1909f56bfc062723c751e8b465ee728b)  -> (artifact id: '9d39af78414b59967dc5aa111af1755f') in 0.000593 seconds
Number of updated asset objects reloaded before import = 0
Number of asset objects unloaded after import = 0
========================================================================
Received Import Request.
  Time since last request: 2.281851 seconds.
  path: Assets/Scripts/SpanningTree/SpanningTreeStep.cs
  artifactKey: Guid(d75e10e5d83432449961441459632db4) Importer(815301076,1909f56bfc062723c751e8b465ee728b)
Start importing Assets/Scripts/SpanningTree/SpanningTreeStep.cs using Guid(d75e10e5d83432449961441459632db4) Importer(815301076,1909f56bfc062723c751e8b465ee728b)  -> (artifact id: '6e9495ebbcf375df5226eaf1b8014a8a') in 0.000837 seconds
Number of updated asset objects reloaded before import = 0
Number of asset objects unloaded after import = 0
========================================================================
Received Import Request.
  Time since last request: 16.163370 seconds.
  path: Assets/Scripts/SpanningTree/SpanningTreeStepsGetting.cs
  artifactKey: Guid(fdf0eb28fde380a40887b83ce2427c28) Importer(815301076,1909f56bfc062723c751e8b465ee728b)
Start importing Assets/Scripts/SpanningTree/SpanningTreeStepsGetting.cs using Guid(fdf0eb28fde380a40887b83ce2427c28) Importer(815301076,1909f56bfc062723c751e8b465ee728b)  -> (artifact id: 'c32ea193d01d16184018ad72a410bede') in 0.000594 seconds
Number of updated asset objects reloaded before import = 0
Number of asset objects unloaded after import = 0
========================================================================
Received Import Request.
  Time since last request: 6.118076 seconds.
  path: Assets/Scripts/ObjDownloaders/AdjacencyMatrixCreator.cs
  artifactKey: Guid(e22de135e970ce44f93f080a68d2ff0c) Importer(815301076,1909f56bfc062723c751e8b465ee728b)
Start importing Assets/Scripts/ObjDownloaders/AdjacencyMatrixCreator.cs using Guid(e22de135e970ce44f93f080a68d2ff0c) Importer(815301076,1909f56bfc062723c751e8b465ee728b)  -> (artifact id: '504afc9dcd99f95678248649bad0f9c6') in 0.000557 seconds
Number of updated asset objects reloaded before import = 0
Number of asset objects unloaded after import = 0
========================================================================
Received Import Request.
  Time since last request: 8.609181 seconds.
  path: Assets/Scripts/GraphEditors/BaseEditor.cs
  artifactKey: Guid(41516bc0f6fe9754c8b56b2bc2c38c79) Importer(815301076,1909f56bfc062723c751e8b465ee728b)
Start importing Assets/Scripts/GraphEditors/BaseEditor.cs using Guid(41516bc0f6fe9754c8b56b2bc2c38c79) Importer(815301076,1909f56bfc062723c751e8b465ee728b)  -> (artifact id: 'd5b1b82ff5f88799a753555147e324e4') in 0.000798 seconds
Number of updated asset objects reloaded before import = 0
Number of asset objects unloaded after import = 0
========================================================================
Received Import Request.
  Time since last request: 10.134641 seconds.
  path: Assets/Scripts/TransportNetwork/SinkPointIndexGetting.cs
  artifactKey: Guid(b9c2903e1a143924585e65aaf62799d0) Importer(815301076,1909f56bfc062723c751e8b465ee728b)
Start importing Assets/Scripts/TransportNetwork/SinkPointIndexGetting.cs using Guid(b9c2903e1a143924585e65aaf62799d0) Importer(815301076,1909f56bfc062723c751e8b465ee728b)  -> (artifact id: '35a6bd065e95dffc40f77933c7840f6c') in 0.001207 seconds
Number of updated asset objects reloaded before import = 0
Number of asset objects unloaded after import = 0
========================================================================
Received Import Request.
  Time since last request: 3.888489 seconds.
  path: Assets/Scripts/TransportNetwork/TransportStepsGetting.cs
  artifactKey: Guid(9dd4478eb76ad60408ea8decdf0823ce) Importer(815301076,1909f56bfc062723c751e8b465ee728b)
Start importing Assets/Scripts/TransportNetwork/TransportStepsGetting.cs using Guid(9dd4478eb76ad60408ea8decdf0823ce) Importer(815301076,1909f56bfc062723c751e8b465ee728b)  -> (artifact id: 'd2b28e88a5cba9be863ed04303eebdb6') in 0.000714 seconds
Number of updated asset objects reloaded before import = 0
Number of asset objects unloaded after import = 0
========================================================================
Received Import Request.
  Time since last request: 41.488141 seconds.
  path: Assets/Scripts/ShortestPath/ShortestPathStepsGetting.cs
  artifactKey: Guid(7b5d0cb85c4a13947b8a4345197c49ff) Importer(815301076,1909f56bfc062723c751e8b465ee728b)
Start importing Assets/Scripts/ShortestPath/ShortestPathStepsGetting.cs using Guid(7b5d0cb85c4a13947b8a4345197c49ff) Importer(815301076,1909f56bfc062723c751e8b465ee728b)  -> (artifact id: '89ba3cbb3b87dd6befdd8e0941ff3ff1') in 0.000614 seconds
Number of updated asset objects reloaded before import = 0
Number of asset objects unloaded after import = 0
